# JRE version: OpenJDK Runtime Environment (14.0.2+12) (build 14.0.2+12)
# Java VM: OpenJDK 64-Bit Server VM (14.0.2+12, mixed mode, tiered, compressed oops, parallel gc, linux-amd64)
Heap:
 PSYoungGen      total 3584K, used 436K [0x00000000eab00000, 0x00000000eb000000, 0x0000000100000000)
  eden space 2560K, 0% used [0x00000000eab00000,0x00000000eab00000,0x00000000ead80000)
  from space 1024K, 42% used [0x00000000ead80000,0x00000000eaded200,0x00000000eae80000)
  to   space 1024K, 0% used [0x00000000eaf00000,0x00000000eaf00000,0x00000000eb000000)
 ParOldGen       total 259584K, used 259508K [0x00000000c0000000, 0x00000000cfd80000, 0x00000000eab00000)
  object space 259584K, 99% used [0x00000000c0000000,0x00000000cfd6d200,0x00000000cfd80000)
 Metaspace       used 93048K, capacity 96636K, committed 96944K, reserved 1136640K
  class space    used 8765K, capacity 10081K, committed 10160K, reserved 1048576K
GC Heap History (20 events):
Event: 7584.249 GC heap after
{Heap after GC invocations=4003 (full 107):
 PSYoungGen      total 2560K, used 288K [0x00000000eab00000, 0x00000000eae00000, 0x0000000100000000)
  eden space 2048K, 0% used [0x00000000eab00000,0x00000000eab00000,0x00000000ead00000)
  from space 512K, 56% used [0x00000000ead80000,0x00000000eadc8000,0x00000000eae00000)
  to   space 512K, 0% used [0x00000000ead00000,0x00000000ead00000,0x00000000ead80000)
 ParOldGen       total 259584K, used 255709K [0x00000000c0000000, 0x00000000cfd80000, 0x00000000eab00000)
  object space 259584K, 98% used [0x00000000c0000000,0x00000000cf9b7780,0x00000000cfd80000)
 Metaspace       used 93044K, capacity 96636K, committed 96944K, reserved 1136640K
  class space    used 8765K, capacity 10081K, committed 10160K, reserved 1048576K
}
Event: 7584.259 GC heap before
{Heap before GC invocations=4004 (full 107):
 PSYoungGen      total 2560K, used 2336K [0x00000000eab00000, 0x00000000eae00000, 0x0000000100000000)
  eden space 2048K, 100% used [0x00000000eab00000,0x00000000ead00000,0x00000000ead00000)
  from space 512K, 56% used [0x00000000ead80000,0x00000000eadc8000,0x00000000eae00000)
  to   space 512K, 0% used [0x00000000ead00000,0x00000000ead00000,0x00000000ead80000)
 ParOldGen       total 259584K, used 255709K [0x00000000c0000000, 0x00000000cfd80000, 0x00000000eab00000)
  object space 259584K, 98% used [0x00000000c0000000,0x00000000cf9b7780,0x00000000cfd80000)
 Metaspace       used 93046K, capacity 96636K, committed 96944K, reserved 1136640K
  class space    used 8765K, capacity 10081K, committed 10160K, reserved 1048576K
}
Event: 7584.261 GC heap after
{Heap after GC invocations=4004 (full 107):
 PSYoungGen      total 2560K, used 500K [0x00000000eab00000, 0x00000000eaf00000, 0x0000000100000000)
  eden space 2048K, 0% used [0x00000000eab00000,0x00000000eab00000,0x00000000ead00000)
  from space 512K, 97% used [0x00000000ead00000,0x00000000ead7d200,0x00000000ead80000)
  to   space 1024K, 0% used [0x00000000eae00000,0x00000000eae00000,0x00000000eaf00000)
 ParOldGen       total 259584K, used 255984K [0x00000000c0000000, 0x00000000cfd80000, 0x00000000eab00000)
  object space 259584K, 98% used [0x00000000c0000000,0x00000000cf9fc090,0x00000000cfd80000)
 Metaspace       used 93046K, capacity 96636K, committed 96944K, reserved 1136640K
  class space    used 8765K, capacity 10081K, committed 10160K, reserved 1048576K
}
Event: 7584.268 GC heap before
{Heap before GC invocations=4005 (full 107):
 PSYoungGen      total 2560K, used 2548K [0x00000000eab00000, 0x00000000eaf00000, 0x0000000100000000)
  eden space 2048K, 100% used [0x00000000eab00000,0x00000000ead00000,0x00000000ead00000)
  from space 512K, 97% used [0x00000000ead00000,0x00000000ead7d200,0x00000000ead80000)
  to   space 1024K, 0% used [0x00000000eae00000,0x00000000eae00000,0x00000000eaf00000)
 ParOldGen       total 259584K, used 255984K [0x00000000c0000000, 0x00000000cfd80000, 0x00000000eab00000)
  object space 259584K, 98% used [0x00000000c0000000,0x00000000cf9fc090,0x00000000cfd80000)
 Metaspace       used 93046K, capacity 96636K, committed 96944K, reserved 1136640K
  class space    used 8765K, capacity 10081K, committed 10160K, reserved 1048576K
}
Event: 7584.269 GC heap after
{Heap after GC invocations=4005 (full 107):
 PSYoungGen      total 3072K, used 544K [0x00000000eab00000, 0x00000000eaf80000, 0x0000000100000000)
  eden space 2048K, 0% used [0x00000000eab00000,0x00000000eab00000,0x00000000ead00000)
  from space 1024K, 53% used [0x00000000eae00000,0x00000000eae88000,0x00000000eaf00000)
  to   space 1024K, 0% used [0x00000000ead00000,0x00000000ead00000,0x00000000eae00000)
 ParOldGen       total 259584K, used 256478K [0x00000000c0000000, 0x00000000cfd80000, 0x00000000eab00000)
  object space 259584K, 98% used [0x00000000c0000000,0x00000000cfa77ba0,0x00000000cfd80000)
 Metaspace       used 93046K, capacity 96636K, committed 96944K, reserved 1136640K
  class space    used 8765K, capacity 10081K, committed 10160K, reserved 1048576K
}
Event: 7584.276 GC heap before
{Heap before GC invocations=4006 (full 107):
 PSYoungGen      total 3072K, used 2592K [0x00000000eab00000, 0x00000000eaf80000, 0x0000000100000000)
  eden space 2048K, 100% used [0x00000000eab00000,0x00000000ead00000,0x00000000ead00000)
  from space 1024K, 53% used [0x00000000eae00000,0x00000000eae88000,0x00000000eaf00000)
  to   space 1024K, 0% used [0x00000000ead00000,0x00000000ead00000,0x00000000eae00000)
 ParOldGen       total 259584K, used 256478K [0x00000000c0000000, 0x00000000cfd80000, 0x00000000eab00000)
  object space 259584K, 98% used [0x00000000c0000000,0x00000000cfa77ba0,0x00000000cfd80000)
 Metaspace       used 93047K, capacity 96636K, committed 96944K, reserved 1136640K
  class space    used 8765K, capacity 10081K, committed 10160K, reserved 1048576K
}
Event: 7584.278 GC heap after
{Heap after GC invocations=4006 (full 107):
 PSYoungGen      total 3072K, used 538K [0x00000000eab00000, 0x00000000eaf80000, 0x0000000100000000)
  eden space 2048K, 0% used [0x00000000eab00000,0x00000000eab00000,0x00000000ead00000)
  from space 1024K, 52% used [0x00000000ead00000,0x00000000ead86900,0x00000000eae00000)
  to   space 1024K, 0% used [0x00000000eae80000,0x00000000eae80000,0x00000000eaf80000)
 ParOldGen       total 259584K, used 256974K [0x00000000c0000000, 0x00000000cfd80000, 0x00000000eab00000)
  object space 259584K, 98% used [0x00000000c0000000,0x00000000cfaf3ba0,0x00000000cfd80000)
 Metaspace       used 93047K, capacity 96636K, committed 96944K, reserved 1136640K
  class space    used 8765K, capacity 10081K, committed 10160K, reserved 1048576K
}
Event: 7584.281 GC heap before
{Heap before GC invocations=4007 (full 107):
 PSYoungGen      total 3072K, used 2586K [0x00000000eab00000, 0x00000000eaf80000, 0x0000000100000000)
  eden space 2048K, 100% used [0x00000000eab00000,0x00000000ead00000,0x00000000ead00000)
  from space 1024K, 52% used [0x00000000ead00000,0x00000000ead86900,0x00000000eae00000)
  to   space 1024K, 0% used [0x00000000eae80000,0x00000000eae80000,0x00000000eaf80000)
 ParOldGen       total 259584K, used 256974K [0x00000000c0000000, 0x00000000cfd80000, 0x00000000eab00000)
  object space 259584K, 98% used [0x00000000c0000000,0x00000000cfaf3ba0,0x00000000cfd80000)
 Metaspace       used 93047K, capacity 96636K, committed 96944K, reserved 1136640K
  class space    used 8765K, capacity 10081K, committed 10160K, reserved 1048576K
}
Event: 7584.283 GC heap after
{Heap after GC invocations=4007 (full 107):
 PSYoungGen      total 3584K, used 544K [0x00000000eab00000, 0x00000000eaf80000, 0x0000000100000000)
  eden space 2560K, 0% used [0x00000000eab00000,0x00000000eab00000,0x00000000ead80000)
  from space 1024K, 53% used [0x00000000eae80000,0x00000000eaf08000,0x00000000eaf80000)
  to   space 1024K, 0% used [0x00000000ead80000,0x00000000ead80000,0x00000000eae80000)
 ParOldGen       total 259584K, used 257395K [0x00000000c0000000, 0x00000000cfd80000, 0x00000000eab00000)
  object space 259584K, 99% used [0x00000000c0000000,0x00000000cfb5cdc0,0x00000000cfd80000)
 Metaspace       used 93047K, capacity 96636K, committed 96944K, reserved 1136640K
  class space    used 8765K, capacity 10081K, committed 10160K, reserved 1048576K
}
Event: 7584.288 GC heap before
{Heap before GC invocations=4008 (full 107):
 PSYoungGen      total 3584K, used 3104K [0x00000000eab00000, 0x00000000eaf80000, 0x0000000100000000)
  eden space 2560K, 100% used [0x00000000eab00000,0x00000000ead80000,0x00000000ead80000)
  from space 1024K, 53% used [0x00000000eae80000,0x00000000eaf08000,0x00000000eaf80000)
  to   space 1024K, 0% used [0x00000000ead80000,0x00000000ead80000,0x00000000eae80000)
 ParOldGen       total 259584K, used 257395K [0x00000000c0000000, 0x00000000cfd80000, 0x00000000eab00000)
  object space 259584K, 99% used [0x00000000c0000000,0x00000000cfb5cdc0,0x00000000cfd80000)
 Metaspace       used 93048K, capacity 96636K, committed 96944K, reserved 1136640K
  class space    used 8765K, capacity 10081K, committed 10160K, reserved 1048576K
}
Event: 7584.289 GC heap after
{Heap after GC invocations=4008 (full 107):
 PSYoungGen      total 3584K, used 644K [0x00000000eab00000, 0x00000000eb000000, 0x0000000100000000)
  eden space 2560K, 0% used [0x00000000eab00000,0x00000000eab00000,0x00000000ead80000)
  from space 1024K, 62% used [0x00000000ead80000,0x00000000eae21210,0x00000000eae80000)
  to   space 1024K, 0% used [0x00000000eaf00000,0x00000000eaf00000,0x00000000eb000000)
 ParOldGen       total 259584K, used 257915K [0x00000000c0000000, 0x00000000cfd80000, 0x00000000eab00000)
  object space 259584K, 99% used [0x00000000c0000000,0x00000000cfbdedc0,0x00000000cfd80000)
 Metaspace       used 93048K, capacity 96636K, committed 96944K, reserved 1136640K
  class space    used 8765K, capacity 10081K, committed 10160K, reserved 1048576K
}
Event: 7584.293 GC heap before
{Heap before GC invocations=4009 (full 107):
 PSYoungGen      total 3584K, used 3204K [0x00000000eab00000, 0x00000000eb000000, 0x0000000100000000)
  eden space 2560K, 100% used [0x00000000eab00000,0x00000000ead80000,0x00000000ead80000)
  from space 1024K, 62% used [0x00000000ead80000,0x00000000eae21210,0x00000000eae80000)
  to   space 1024K, 0% used [0x00000000eaf00000,0x00000000eaf00000,0x00000000eb000000)
 ParOldGen       total 259584K, used 257915K [0x00000000c0000000, 0x00000000cfd80000, 0x00000000eab00000)
  object space 259584K, 99% used [0x00000000c0000000,0x00000000cfbdedc0,0x00000000cfd80000)
 Metaspace       used 93048K, capacity 96636K, committed 96944K, reserved 1136640K
  class space    used 8765K, capacity 10081K, committed 10160K, reserved 1048576K
}
Event: 7584.296 GC heap after
{Heap after GC invocations=4009 (full 107):
 PSYoungGen      total 3072K, used 996K [0x00000000eab00000, 0x00000000eb200000, 0x0000000100000000)
  eden space 2048K, 0% used [0x00000000eab00000,0x00000000eab00000,0x00000000ead00000)
  from space 1024K, 97% used [0x00000000eaf00000,0x00000000eaff9210,0x00000000eb000000)
  to   space 2048K, 0% used [0x00000000ead00000,0x00000000ead00000,0x00000000eaf00000)
 ParOldGen       total 259584K, used 258423K [0x00000000c0000000, 0x00000000cfd80000, 0x00000000eab00000)
  object space 259584K, 99% used [0x00000000c0000000,0x00000000cfc5dfe0,0x00000000cfd80000)
 Metaspace       used 93048K, capacity 96636K, committed 96944K, reserved 1136640K
  class space    used 8765K, capacity 10081K, committed 10160K, reserved 1048576K
}
Event: 7584.299 GC heap before
{Heap before GC invocations=4010 (full 107):
 PSYoungGen      total 3072K, used 3044K [0x00000000eab00000, 0x00000000eb200000, 0x0000000100000000)
  eden space 2048K, 100% used [0x00000000eab00000,0x00000000ead00000,0x00000000ead00000)
  from space 1024K, 97% used [0x00000000eaf00000,0x00000000eaff9210,0x00000000eb000000)
  to   space 2048K, 0% used [0x00000000ead00000,0x00000000ead00000,0x00000000eaf00000)
 ParOldGen       total 259584K, used 258423K [0x00000000c0000000, 0x00000000cfd80000, 0x00000000eab00000)
  object space 259584K, 99% used [0x00000000c0000000,0x00000000cfc5dfe0,0x00000000cfd80000)
 Metaspace       used 93048K, capacity 96636K, committed 96944K, reserved 1136640K
  class space    used 8765K, capacity 10081K, committed 10160K, reserved 1048576K
}
Event: 7584.301 GC heap after
{Heap after GC invocations=4010 (full 107):
 PSYoungGen      total 2560K, used 192K [0x00000000eab00000, 0x00000000eaf80000, 0x0000000100000000)
  eden space 2048K, 0% used [0x00000000eab00000,0x00000000eab00000,0x00000000ead00000)
  from space 512K, 37% used [0x00000000ead00000,0x00000000ead30000,0x00000000ead80000)
  to   space 1024K, 0% used [0x00000000eae80000,0x00000000eae80000,0x00000000eaf80000)
 ParOldGen       total 259584K, used 258871K [0x00000000c0000000, 0x00000000cfd80000, 0x00000000eab00000)
  object space 259584K, 99% used [0x00000000c0000000,0x00000000cfccdfe0,0x00000000cfd80000)
 Metaspace       used 93048K, capacity 96636K, committed 96944K, reserved 1136640K
  class space    used 8765K, capacity 10081K, committed 10160K, reserved 1048576K
}
Event: 7584.305 GC heap before
{Heap before GC invocations=4011 (full 107):
 PSYoungGen      total 2560K, used 2240K [0x00000000eab00000, 0x00000000eaf80000, 0x0000000100000000)
  eden space 2048K, 100% used [0x00000000eab00000,0x00000000ead00000,0x00000000ead00000)
  from space 512K, 37% used [0x00000000ead00000,0x00000000ead30000,0x00000000ead80000)
  to   space 1024K, 0% used [0x00000000eae80000,0x00000000eae80000,0x00000000eaf80000)
 ParOldGen       total 259584K, used 258871K [0x00000000c0000000, 0x00000000cfd80000, 0x00000000eab00000)
  object space 259584K, 99% used [0x00000000c0000000,0x00000000cfccdfe0,0x00000000cfd80000)
 Metaspace       used 93048K, capacity 96636K, committed 96944K, reserved 1136640K
  class space    used 8765K, capacity 10081K, committed 10160K, reserved 1048576K
}
Event: 7584.306 GC heap after
{Heap after GC invocations=4011 (full 107):
 PSYoungGen      total 3584K, used 714K [0x00000000eab00000, 0x00000000eaf80000, 0x0000000100000000)
  eden space 2560K, 0% used [0x00000000eab00000,0x00000000eab00000,0x00000000ead80000)
  from space 1024K, 69% used [0x00000000eae80000,0x00000000eaf32910,0x00000000eaf80000)
  to   space 1024K, 0% used [0x00000000ead80000,0x00000000ead80000,0x00000000eae80000)
 ParOldGen       total 259584K, used 258895K [0x00000000c0000000, 0x00000000cfd80000, 0x00000000eab00000)
  object space 259584K, 99% used [0x00000000c0000000,0x00000000cfcd3fe0,0x00000000cfd80000)
 Metaspace       used 93048K, capacity 96636K, committed 96944K, reserved 1136640K
  class space    used 8765K, capacity 10081K, committed 10160K, reserved 1048576K
}
Event: 7584.310 GC heap before
{Heap before GC invocations=4012 (full 107):
 PSYoungGen      total 3584K, used 3274K [0x00000000eab00000, 0x00000000eaf80000, 0x0000000100000000)
  eden space 2560K, 100% used [0x00000000eab00000,0x00000000ead80000,0x00000000ead80000)
  from space 1024K, 69% used [0x00000000eae80000,0x00000000eaf32910,0x00000000eaf80000)
  to   space 1024K, 0% used [0x00000000ead80000,0x00000000ead80000,0x00000000eae80000)
 ParOldGen       total 259584K, used 258895K [0x00000000c0000000, 0x00000000cfd80000, 0x00000000eab00000)
  object space 259584K, 99% used [0x00000000c0000000,0x00000000cfcd3fe0,0x00000000cfd80000)
 Metaspace       used 93048K, capacity 96636K, committed 96944K, reserved 1136640K
  class space    used 8765K, capacity 10081K, committed 10160K, reserved 1048576K
}
Event: 7584.312 GC heap after
{Heap after GC invocations=4012 (full 107):
 PSYoungGen      total 3584K, used 436K [0x00000000eab00000, 0x00000000eb000000, 0x0000000100000000)
  eden space 2560K, 0% used [0x00000000eab00000,0x00000000eab00000,0x00000000ead80000)
  from space 1024K, 42% used [0x00000000ead80000,0x00000000eaded200,0x00000000eae80000)
  to   space 1024K, 0% used [0x00000000eaf00000,0x00000000eaf00000,0x00000000eb000000)
 ParOldGen       total 259584K, used 259508K [0x00000000c0000000, 0x00000000cfd80000, 0x00000000eab00000)
  object space 259584K, 99% used [0x00000000c0000000,0x00000000cfd6d200,0x00000000cfd80000)
 Metaspace       used 93048K, capacity 96636K, committed 96944K, reserved 1136640K
  class space    used 8765K, capacity 10081K, committed 10160K, reserved 1048576K
}
Event: 7584.312 GC heap before
{Heap before GC invocations=4013 (full 108):
 PSYoungGen      total 3584K, used 436K [0x00000000eab00000, 0x00000000eb000000, 0x0000000100000000)
  eden space 2560K, 0% used [0x00000000eab00000,0x00000000eab00000,0x00000000ead80000)
  from space 1024K, 42% used [0x00000000ead80000,0x00000000eaded200,0x00000000eae80000)
  to   space 1024K, 0% used [0x00000000eaf00000,0x00000000eaf00000,0x00000000eb000000)
 ParOldGen       total 259584K, used 259508K [0x00000000c0000000, 0x00000000cfd80000, 0x00000000eab00000)
  object space 259584K, 99% used [0x00000000c0000000,0x00000000cfd6d200,0x00000000cfd80000)
 Metaspace       used 93048K, capacity 96636K, committed 96944K, reserved 1136640K
  class space    used 8765K, capacity 10081K, committed 10160K, reserved 1048576K
}

