# JRE version: OpenJDK Runtime Environment (14.0.2+12) (build 14.0.2+12)
# Java VM: OpenJDK 64-Bit Server VM (14.0.2+12, mixed mode, tiered, compressed oops, parallel gc, linux-amd64)
Heap:
 PSYoungGen      total 6144K, used 5770K [0x00000000eab00000, 0x00000000eb200000, 0x0000000100000000)
  eden space 5120K, 100% used [0x00000000eab00000,0x00000000eb000000,0x00000000eb000000)
  from space 1024K, 63% used [0x00000000eb100000,0x00000000eb1a2910,0x00000000eb200000)
  to   space 1024K, 72% used [0x00000000eb000000,0x00000000eb0ba910,0x00000000eb100000)
 ParOldGen       total 327168K, used 319323K [0x00000000c0000000, 0x00000000d3f80000, 0x00000000eab00000)
  object space 327168K, 97% used [0x00000000c0000000,0x00000000d37d6ef8,0x00000000d3f80000)
 Metaspace       used 92216K, capacity 95915K, committed 96280K, reserved 1136640K
  class space    used 8388K, capacity 9687K, committed 9768K, reserved 1048576K
GC Heap History (20 events):
Event: 11580.972 GC heap after
{Heap after GC invocations=14896 (full 387):
 PSYoungGen      total 6144K, used 308K [0x00000000eab00000, 0x00000000eb200000, 0x0000000100000000)
  eden space 5120K, 0% used [0x00000000eab00000,0x00000000eab00000,0x00000000eb000000)
  from space 1024K, 30% used [0x00000000eb000000,0x00000000eb04d200,0x00000000eb100000)
  to   space 512K, 0% used [0x00000000eb180000,0x00000000eb180000,0x00000000eb200000)
 ParOldGen       total 327168K, used 317169K [0x00000000c0000000, 0x00000000d3f80000, 0x00000000eab00000)
  object space 327168K, 96% used [0x00000000c0000000,0x00000000d35bc5f0,0x00000000d3f80000)
 Metaspace       used 92216K, capacity 95915K, committed 96280K, reserved 1136640K
  class space    used 8388K, capacity 9687K, committed 9768K, reserved 1048576K
}
Event: 11580.979 GC heap before
{Heap before GC invocations=14897 (full 387):
 PSYoungGen      total 6144K, used 5428K [0x00000000eab00000, 0x00000000eb200000, 0x0000000100000000)
  eden space 5120K, 100% used [0x00000000eab00000,0x00000000eb000000,0x00000000eb000000)
  from space 1024K, 30% used [0x00000000eb000000,0x00000000eb04d200,0x00000000eb100000)
  to   space 512K, 0% used [0x00000000eb180000,0x00000000eb180000,0x00000000eb200000)
 ParOldGen       total 327168K, used 317169K [0x00000000c0000000, 0x00000000d3f80000, 0x00000000eab00000)
  object space 327168K, 96% used [0x00000000c0000000,0x00000000d35bc5f0,0x00000000d3f80000)
 Metaspace       used 92216K, capacity 95915K, committed 96280K, reserved 1136640K
  class space    used 8388K, capacity 9687K, committed 9768K, reserved 1048576K
}
Event: 11580.981 GC heap after
{Heap after GC invocations=14897 (full 387):
 PSYoungGen      total 5632K, used 436K [0x00000000eab00000, 0x00000000eb200000, 0x0000000100000000)
  eden space 5120K, 0% used [0x00000000eab00000,0x00000000eab00000,0x00000000eb000000)
  from space 512K, 85% used [0x00000000eb180000,0x00000000eb1ed200,0x00000000eb200000)
  to   space 512K, 0% used [0x00000000eb100000,0x00000000eb100000,0x00000000eb180000)
 ParOldGen       total 327168K, used 317201K [0x00000000c0000000, 0x00000000d3f80000, 0x00000000eab00000)
  object space 327168K, 96% used [0x00000000c0000000,0x00000000d35c45f0,0x00000000d3f80000)
 Metaspace       used 92216K, capacity 95915K, committed 96280K, reserved 1136640K
  class space    used 8388K, capacity 9687K, committed 9768K, reserved 1048576K
}
Event: 11580.989 GC heap before
{Heap before GC invocations=14898 (full 387):
 PSYoungGen      total 5632K, used 5556K [0x00000000eab00000, 0x00000000eb200000, 0x0000000100000000)
  eden space 5120K, 100% used [0x00000000eab00000,0x00000000eb000000,0x00000000eb000000)
  from space 512K, 85% used [0x00000000eb180000,0x00000000eb1ed200,0x00000000eb200000)
  to   space 512K, 0% used [0x00000000eb100000,0x00000000eb100000,0x00000000eb180000)
 ParOldGen       total 327168K, used 317201K [0x00000000c0000000, 0x00000000d3f80000, 0x00000000eab00000)
  object space 327168K, 96% used [0x00000000c0000000,0x00000000d35c45f0,0x00000000d3f80000)
 Metaspace       used 92216K, capacity 95915K, committed 96280K, reserved 1136640K
  class space    used 8388K, capacity 9687K, committed 9768K, reserved 1048576K
}
Event: 11580.991 GC heap after
{Heap after GC invocations=14898 (full 387):
 PSYoungGen      total 5632K, used 500K [0x00000000eab00000, 0x00000000eb200000, 0x0000000100000000)
  eden space 5120K, 0% used [0x00000000eab00000,0x00000000eab00000,0x00000000eb000000)
  from space 512K, 97% used [0x00000000eb100000,0x00000000eb17d200,0x00000000eb180000)
  to   space 512K, 0% used [0x00000000eb180000,0x00000000eb180000,0x00000000eb200000)
 ParOldGen       total 327168K, used 317209K [0x00000000c0000000, 0x00000000d3f80000, 0x00000000eab00000)
  object space 327168K, 96% used [0x00000000c0000000,0x00000000d35c65f0,0x00000000d3f80000)
 Metaspace       used 92216K, capacity 95915K, committed 96280K, reserved 1136640K
  class space    used 8388K, capacity 9687K, committed 9768K, reserved 1048576K
}
Event: 11580.999 GC heap before
{Heap before GC invocations=14899 (full 387):
 PSYoungGen      total 5632K, used 5620K [0x00000000eab00000, 0x00000000eb200000, 0x0000000100000000)
  eden space 5120K, 100% used [0x00000000eab00000,0x00000000eb000000,0x00000000eb000000)
  from space 512K, 97% used [0x00000000eb100000,0x00000000eb17d200,0x00000000eb180000)
  to   space 512K, 0% used [0x00000000eb180000,0x00000000eb180000,0x00000000eb200000)
 ParOldGen       total 327168K, used 317209K [0x00000000c0000000, 0x00000000d3f80000, 0x00000000eab00000)
  object space 327168K, 96% used [0x00000000c0000000,0x00000000d35c65f0,0x00000000d3f80000)
 Metaspace       used 92216K, capacity 95915K, committed 96280K, reserved 1136640K
  class space    used 8388K, capacity 9687K, committed 9768K, reserved 1048576K
}
Event: 11581.000 GC heap after
{Heap after GC invocations=14899 (full 387):
 PSYoungGen      total 5632K, used 506K [0x00000000eab00000, 0x00000000eb200000, 0x0000000100000000)
  eden space 5120K, 0% used [0x00000000eab00000,0x00000000eab00000,0x00000000eb000000)
  from space 512K, 98% used [0x00000000eb180000,0x00000000eb1fe900,0x00000000eb200000)
  to   space 1024K, 0% used [0x00000000eb000000,0x00000000eb000000,0x00000000eb100000)
 ParOldGen       total 327168K, used 317393K [0x00000000c0000000, 0x00000000d3f80000, 0x00000000eab00000)
  object space 327168K, 97% used [0x00000000c0000000,0x00000000d35f45f0,0x00000000d3f80000)
 Metaspace       used 92216K, capacity 95915K, committed 96280K, reserved 1136640K
  class space    used 8388K, capacity 9687K, committed 9768K, reserved 1048576K
}
Event: 11581.009 GC heap before
{Heap before GC invocations=14900 (full 387):
 PSYoungGen      total 5632K, used 5626K [0x00000000eab00000, 0x00000000eb200000, 0x0000000100000000)
  eden space 5120K, 100% used [0x00000000eab00000,0x00000000eb000000,0x00000000eb000000)
  from space 512K, 98% used [0x00000000eb180000,0x00000000eb1fe900,0x00000000eb200000)
  to   space 1024K, 0% used [0x00000000eb000000,0x00000000eb000000,0x00000000eb100000)
 ParOldGen       total 327168K, used 317393K [0x00000000c0000000, 0x00000000d3f80000, 0x00000000eab00000)
  object space 327168K, 97% used [0x00000000c0000000,0x00000000d35f45f0,0x00000000d3f80000)
 Metaspace       used 92216K, capacity 95915K, committed 96280K, reserved 1136640K
  class space    used 8388K, capacity 9687K, committed 9768K, reserved 1048576K
}
Event: 11581.011 GC heap after
{Heap after GC invocations=14900 (full 387):
 PSYoungGen      total 6144K, used 394K [0x00000000eab00000, 0x00000000eb200000, 0x0000000100000000)
  eden space 5120K, 0% used [0x00000000eab00000,0x00000000eab00000,0x00000000eb000000)
  from space 1024K, 38% used [0x00000000eb000000,0x00000000eb062910,0x00000000eb100000)
  to   space 512K, 0% used [0x00000000eb180000,0x00000000eb180000,0x00000000eb200000)
 ParOldGen       total 327168K, used 317892K [0x00000000c0000000, 0x00000000d3f80000, 0x00000000eab00000)
  object space 327168K, 97% used [0x00000000c0000000,0x00000000d36712f0,0x00000000d3f80000)
 Metaspace       used 92216K, capacity 95915K, committed 96280K, reserved 1136640K
  class space    used 8388K, capacity 9687K, committed 9768K, reserved 1048576K
}
Event: 11581.018 GC heap before
{Heap before GC invocations=14901 (full 387):
 PSYoungGen      total 6144K, used 5514K [0x00000000eab00000, 0x00000000eb200000, 0x0000000100000000)
  eden space 5120K, 100% used [0x00000000eab00000,0x00000000eb000000,0x00000000eb000000)
  from space 1024K, 38% used [0x00000000eb000000,0x00000000eb062910,0x00000000eb100000)
  to   space 512K, 0% used [0x00000000eb180000,0x00000000eb180000,0x00000000eb200000)
 ParOldGen       total 327168K, used 317892K [0x00000000c0000000, 0x00000000d3f80000, 0x00000000eab00000)
  object space 327168K, 97% used [0x00000000c0000000,0x00000000d36712f0,0x00000000d3f80000)
 Metaspace       used 92216K, capacity 95915K, committed 96280K, reserved 1136640K
  class space    used 8388K, capacity 9687K, committed 9768K, reserved 1048576K
}
Event: 11581.020 GC heap after
{Heap after GC invocations=14901 (full 387):
 PSYoungGen      total 5632K, used 500K [0x00000000eab00000, 0x00000000eb200000, 0x0000000100000000)
  eden space 5120K, 0% used [0x00000000eab00000,0x00000000eab00000,0x00000000eb000000)
  from space 512K, 97% used [0x00000000eb180000,0x00000000eb1fd200,0x00000000eb200000)
  to   space 1024K, 0% used [0x00000000eb000000,0x00000000eb000000,0x00000000eb100000)
 ParOldGen       total 327168K, used 318084K [0x00000000c0000000, 0x00000000d3f80000, 0x00000000eab00000)
  object space 327168K, 97% used [0x00000000c0000000,0x00000000d36a1310,0x00000000d3f80000)
 Metaspace       used 92216K, capacity 95915K, committed 96280K, reserved 1136640K
  class space    used 8388K, capacity 9687K, committed 9768K, reserved 1048576K
}
Event: 11581.028 GC heap before
{Heap before GC invocations=14902 (full 387):
 PSYoungGen      total 5632K, used 5620K [0x00000000eab00000, 0x00000000eb200000, 0x0000000100000000)
  eden space 5120K, 100% used [0x00000000eab00000,0x00000000eb000000,0x00000000eb000000)
  from space 512K, 97% used [0x00000000eb180000,0x00000000eb1fd200,0x00000000eb200000)
  to   space 1024K, 0% used [0x00000000eb000000,0x00000000eb000000,0x00000000eb100000)
 ParOldGen       total 327168K, used 318084K [0x00000000c0000000, 0x00000000d3f80000, 0x00000000eab00000)
  object space 327168K, 97% used [0x00000000c0000000,0x00000000d36a1310,0x00000000d3f80000)
 Metaspace       used 92216K, capacity 95915K, committed 96280K, reserved 1136640K
  class space    used 8388K, capacity 9687K, committed 9768K, reserved 1048576K
}
Event: 11581.029 GC heap after
{Heap after GC invocations=14902 (full 387):
 PSYoungGen      total 6144K, used 916K [0x00000000eab00000, 0x00000000eb200000, 0x0000000100000000)
  eden space 5120K, 0% used [0x00000000eab00000,0x00000000eab00000,0x00000000eb000000)
  from space 1024K, 89% used [0x00000000eb000000,0x00000000eb0e5200,0x00000000eb100000)
  to   space 1024K, 0% used [0x00000000eb100000,0x00000000eb100000,0x00000000eb200000)
 ParOldGen       total 327168K, used 318577K [0x00000000c0000000, 0x00000000d3f80000, 0x00000000eab00000)
  object space 327168K, 97% used [0x00000000c0000000,0x00000000d371c510,0x00000000d3f80000)
 Metaspace       used 92216K, capacity 95915K, committed 96280K, reserved 1136640K
  class space    used 8388K, capacity 9687K, committed 9768K, reserved 1048576K
}
Event: 11581.037 GC heap before
{Heap before GC invocations=14903 (full 387):
 PSYoungGen      total 6144K, used 6036K [0x00000000eab00000, 0x00000000eb200000, 0x0000000100000000)
  eden space 5120K, 100% used [0x00000000eab00000,0x00000000eb000000,0x00000000eb000000)
  from space 1024K, 89% used [0x00000000eb000000,0x00000000eb0e5200,0x00000000eb100000)
  to   space 1024K, 0% used [0x00000000eb100000,0x00000000eb100000,0x00000000eb200000)
 ParOldGen       total 327168K, used 318577K [0x00000000c0000000, 0x00000000d3f80000, 0x00000000eab00000)
  object space 327168K, 97% used [0x00000000c0000000,0x00000000d371c510,0x00000000d3f80000)
 Metaspace       used 92216K, capacity 95915K, committed 96280K, reserved 1136640K
  class space    used 8388K, capacity 9687K, committed 9768K, reserved 1048576K
}
Event: 11581.039 GC heap after
{Heap after GC invocations=14903 (full 387):
 PSYoungGen      total 6144K, used 698K [0x00000000eab00000, 0x00000000eb200000, 0x0000000100000000)
  eden space 5120K, 0% used [0x00000000eab00000,0x00000000eab00000,0x00000000eb000000)
  from space 1024K, 68% used [0x00000000eb100000,0x00000000eb1ae900,0x00000000eb200000)
  to   space 1024K, 0% used [0x00000000eb000000,0x00000000eb000000,0x00000000eb100000)
 ParOldGen       total 327168K, used 318745K [0x00000000c0000000, 0x00000000d3f80000, 0x00000000eab00000)
  object space 327168K, 97% used [0x00000000c0000000,0x00000000d3746510,0x00000000d3f80000)
 Metaspace       used 92216K, capacity 95915K, committed 96280K, reserved 1136640K
  class space    used 8388K, capacity 9687K, committed 9768K, reserved 1048576K
}
Event: 11581.046 GC heap before
{Heap before GC invocations=14904 (full 387):
 PSYoungGen      total 6144K, used 5818K [0x00000000eab00000, 0x00000000eb200000, 0x0000000100000000)
  eden space 5120K, 100% used [0x00000000eab00000,0x00000000eb000000,0x00000000eb000000)
  from space 1024K, 68% used [0x00000000eb100000,0x00000000eb1ae900,0x00000000eb200000)
  to   space 1024K, 0% used [0x00000000eb000000,0x00000000eb000000,0x00000000eb100000)
 ParOldGen       total 327168K, used 318745K [0x00000000c0000000, 0x00000000d3f80000, 0x00000000eab00000)
  object space 327168K, 97% used [0x00000000c0000000,0x00000000d3746510,0x00000000d3f80000)
 Metaspace       used 92216K, capacity 95915K, committed 96280K, reserved 1136640K
  class space    used 8388K, capacity 9687K, committed 9768K, reserved 1048576K
}
Event: 11581.047 GC heap after
{Heap after GC invocations=14904 (full 387):
 PSYoungGen      total 6144K, used 708K [0x00000000eab00000, 0x00000000eb200000, 0x0000000100000000)
  eden space 5120K, 0% used [0x00000000eab00000,0x00000000eab00000,0x00000000eb000000)
  from space 1024K, 69% used [0x00000000eb000000,0x00000000eb0b1210,0x00000000eb100000)
  to   space 1024K, 0% used [0x00000000eb100000,0x00000000eb100000,0x00000000eb200000)
 ParOldGen       total 327168K, used 318777K [0x00000000c0000000, 0x00000000d3f80000, 0x00000000eab00000)
  object space 327168K, 97% used [0x00000000c0000000,0x00000000d374e510,0x00000000d3f80000)
 Metaspace       used 92216K, capacity 95915K, committed 96280K, reserved 1136640K
  class space    used 8388K, capacity 9687K, committed 9768K, reserved 1048576K
}
Event: 11581.055 GC heap before
{Heap before GC invocations=14905 (full 387):
 PSYoungGen      total 6144K, used 5828K [0x00000000eab00000, 0x00000000eb200000, 0x0000000100000000)
  eden space 5120K, 100% used [0x00000000eab00000,0x00000000eb000000,0x00000000eb000000)
  from space 1024K, 69% used [0x00000000eb000000,0x00000000eb0b1210,0x00000000eb100000)
  to   space 1024K, 0% used [0x00000000eb100000,0x00000000eb100000,0x00000000eb200000)
 ParOldGen       total 327168K, used 318777K [0x00000000c0000000, 0x00000000d3f80000, 0x00000000eab00000)
  object space 327168K, 97% used [0x00000000c0000000,0x00000000d374e510,0x00000000d3f80000)
 Metaspace       used 92216K, capacity 95915K, committed 96280K, reserved 1136640K
  class space    used 8388K, capacity 9687K, committed 9768K, reserved 1048576K
}
Event: 11581.057 GC heap after
{Heap after GC invocations=14905 (full 387):
 PSYoungGen      total 6144K, used 650K [0x00000000eab00000, 0x00000000eb200000, 0x0000000100000000)
  eden space 5120K, 0% used [0x00000000eab00000,0x00000000eab00000,0x00000000eb000000)
  from space 1024K, 63% used [0x00000000eb100000,0x00000000eb1a2910,0x00000000eb200000)
  to   space 1024K, 0% used [0x00000000eb000000,0x00000000eb000000,0x00000000eb100000)
 ParOldGen       total 327168K, used 318801K [0x00000000c0000000, 0x00000000d3f80000, 0x00000000eab00000)
  object space 327168K, 97% used [0x00000000c0000000,0x00000000d3754510,0x00000000d3f80000)
 Metaspace       used 92216K, capacity 95915K, committed 96280K, reserved 1136640K
  class space    used 8388K, capacity 9687K, committed 9768K, reserved 1048576K
}
Event: 11581.065 GC heap before
{Heap before GC invocations=14906 (full 387):
 PSYoungGen      total 6144K, used 5770K [0x00000000eab00000, 0x00000000eb200000, 0x0000000100000000)
  eden space 5120K, 100% used [0x00000000eab00000,0x00000000eb000000,0x00000000eb000000)
  from space 1024K, 63% used [0x00000000eb100000,0x00000000eb1a2910,0x00000000eb200000)
  to   space 1024K, 0% used [0x00000000eb000000,0x00000000eb000000,0x00000000eb100000)
 ParOldGen       total 327168K, used 318801K [0x00000000c0000000, 0x00000000d3f80000, 0x00000000eab00000)
  object space 327168K, 97% used [0x00000000c0000000,0x00000000d3754510,0x00000000d3f80000)
 Metaspace       used 92216K, capacity 95915K, committed 96280K, reserved 1136640K
  class space    used 8388K, capacity 9687K, committed 9768K, reserved 1048576K
}

